g:\バルーンファイト作成\gameprogramming2\x64\debug\vc142.pdb
g:\バルーンファイト作成\gameprogramming2\x64\debug\vc142.idb
g:\バルーンファイト作成\gameprogramming2\x64\debug\gamepgutil.obj
g:\バルーンファイト作成\gameprogramming2\x64\debug\wictextureloader.obj
g:\バルーンファイト作成\gameprogramming2\x64\debug\ctexture.obj
g:\バルーンファイト作成\gameprogramming2\x64\debug\csound.obj
g:\バルーンファイト作成\gameprogramming2\x64\debug\cquadpolygon.obj
g:\バルーンファイト作成\gameprogramming2\x64\debug\cpicture.obj
g:\バルーンファイト作成\gameprogramming2\x64\debug\cfont.obj
g:\バルーンファイト作成\gameprogramming2\x64\debug\cdirectinput.obj
g:\バルーンファイト作成\gameprogramming2\x64\debug\ccamera.obj
g:\バルーンファイト作成\gameprogramming2\x64\debug\capplication.obj
g:\バルーンファイト作成\gameprogramming2\x64\debug\stdafx.obj
g:\バルーンファイト作成\gameprogramming2\x64\debug\enemynotbalune.obj
g:\バルーンファイト作成\gameprogramming2\x64\debug\enemybalunebreak.obj
g:\バルーンファイト作成\gameprogramming2\x64\debug\pecollusiondetection.obj
g:\バルーンファイト作成\gameprogramming2\x64\debug\enemyfly1.obj
g:\バルーンファイト作成\gameprogramming2\x64\debug\sprite.obj
g:\バルーンファイト作成\gameprogramming2\x64\debug\gametitle.obj
g:\バルーンファイト作成\gameprogramming2\x64\debug\gameover.obj
g:\バルーンファイト作成\gameprogramming2\x64\debug\gameplay.obj
g:\バルーンファイト作成\gameprogramming2\x64\debug\gameclear.obj
g:\バルーンファイト作成\gameprogramming2\x64\debug\thunder.obj
g:\バルーンファイト作成\gameprogramming2\x64\debug\fish.obj
g:\バルーンファイト作成\gameprogramming2\x64\debug\allreset.obj
g:\バルーンファイト作成\gameprogramming2\x64\debug\enemy_start_time.obj
g:\バルーンファイト作成\gameprogramming2\x64\debug\enemyoffscreen.obj
g:\バルーンファイト作成\gameprogramming2\x64\debug\enemyfly2.obj
g:\バルーンファイト作成\gameprogramming2\x64\debug\enemycollisiondetection.obj
g:\バルーンファイト作成\gameprogramming2\x64\debug\enemyactionchange.obj
g:\バルーンファイト作成\gameprogramming2\x64\debug\enemyaction.obj
g:\バルーンファイト作成\gameprogramming2\x64\debug\cactiongameapp.obj
g:\バルーンファイト作成\gameprogramming2\x64\debug\actiongame.obj
g:\バルーンファイト作成\gameprogramming2\x64\debug\playeroffsclean.obj
g:\バルーンファイト作成\gameprogramming2\x64\debug\playermove.obj
g:\バルーンファイト作成\gameprogramming2\x64\debug\playerjump.obj
g:\バルーンファイト作成\gameprogramming2\x64\debug\playerdieaction.obj
g:\バルーンファイト作成\gameprogramming2\x64\debug\playercollusiondetection.obj
g:\バルーンファイト作成\gameprogramming2\x64\debug\playeraction.obj
g:\バルーンファイト作成\gameprogramming2\x64\debug\enemyform.obj
g:\バルーンファイト作成\gameprogramming2\x64\debug\enemyseadrop.obj
g:\バルーンファイト作成\gameprogramming2\x64\debug\playerresidue.obj
g:\バルーンファイト作成\x64\debug\gameprogramming2.exe
g:\バルーンファイト作成\x64\debug\gameprogramming2.ilk
g:\バルーンファイト作成\x64\debug\gameprogramming2.pdb
g:\バルーンファイト作成\gameprogramming2\x64\debug\gameprogramming2.res
g:\バルーンファイト作成\gameprogramming2\x64\debug\playercollusiondetection.obj.enc
g:\バルーンファイト作成\gameprogramming2\x64\debug\gameprogramming2.tlog\cl.command.1.tlog
g:\バルーンファイト作成\gameprogramming2\x64\debug\gameprogramming2.tlog\cl.read.1.tlog
g:\バルーンファイト作成\gameprogramming2\x64\debug\gameprogramming2.tlog\cl.write.1.tlog
g:\バルーンファイト作成\gameprogramming2\x64\debug\gameprogramming2.tlog\link.command.1.tlog
g:\バルーンファイト作成\gameprogramming2\x64\debug\gameprogramming2.tlog\link.read.1.tlog
g:\バルーンファイト作成\gameprogramming2\x64\debug\gameprogramming2.tlog\link.write.1.tlog
g:\バルーンファイト作成\gameprogramming2\x64\debug\gameprogramming2.tlog\rc.command.1.tlog
g:\バルーンファイト作成\gameprogramming2\x64\debug\gameprogramming2.tlog\rc.read.1.tlog
g:\バルーンファイト作成\gameprogramming2\x64\debug\gameprogramming2.tlog\rc.write.1.tlog
